  bitmapclass.cpp
C:\Users\tjddn\OneDrive\바탕 화면\작업\포폴\Project\Graphics\bitmapclass.cpp(319,7): warning C4101: 'result' :참조되지 않은 지역 변수입니다.
  cameraclass.cpp
  cpuclass.cpp
  fireshaderclass.cpp
C:\Users\tjddn\OneDrive\바탕 화면\작업\포폴\Project\Graphics\fireshaderclass.cpp(356,42): warning C4244: '=': 'SIZE_T'에서 'unsigned long'(으)로 변환하면서 데이터가 손실될 수 있습니다.
  fontclass.cpp
  fontshaderclass.cpp
C:\Users\tjddn\OneDrive\바탕 화면\작업\포폴\Project\Graphics\fontshaderclass.cpp(293,42): warning C4244: '=': 'SIZE_T'에서 'unsigned long'(으)로 변환하면서 데이터가 손실될 수 있습니다.
  fpsclass.cpp
  lightclass.cpp
  lightshaderclass.cpp
C:\Users\tjddn\OneDrive\바탕 화면\작업\포폴\Project\Graphics\lightshaderclass.cpp(325,42): warning C4244: '=': 'SIZE_T'에서 'unsigned long'(으)로 변환하면서 데이터가 손실될 수 있습니다.
  d3dclass.cpp
  Graphicsclass.cpp
C:\Users\tjddn\OneDrive\바탕 화면\작업\포폴\Project\Graphics\Graphicsclass.cpp(457,34): warning C4244: '인수': 'float'에서 'int'(으)로 변환하면서 데이터가 손실될 수 있습니다.
  Inputclass.cpp
C:\Users\tjddn\OneDrive\바탕 화면\작업\포폴\Project\Graphics\Inputclass.cpp(291,21): warning C4244: 'return': 'LONG'에서 'float'(으)로 변환하면서 데이터가 손실될 수 있습니다.
C:\Users\tjddn\OneDrive\바탕 화면\작업\포폴\Project\Graphics\Inputclass.cpp(296,21): warning C4244: 'return': 'LONG'에서 'float'(으)로 변환하면서 데이터가 손실될 수 있습니다.
  main.cpp
  modelclass.cpp
C:\Users\tjddn\OneDrive\바탕 화면\작업\포폴\Project\Graphics\modelclass.cpp(286,12): warning C4305: 'return': 'int'에서 'bool'(으)로 잘립니다.
C:\Users\tjddn\OneDrive\바탕 화면\작업\포폴\Project\Graphics\modelclass.cpp(302,12): warning C4305: 'return': 'int'에서 'bool'(으)로 잘립니다.
C:\Users\tjddn\OneDrive\바탕 화면\작업\포폴\Project\Graphics\modelclass.cpp(279,7): warning C4101: 'input' :참조되지 않은 지역 변수입니다.
C:\Users\tjddn\OneDrive\바탕 화면\작업\포폴\Project\Graphics\modelclass.cpp(280,6): warning C4101: 'i' :참조되지 않은 지역 변수입니다.
  Skydomeclass.cpp
  skydomeshaderclass.cpp
C:\Users\tjddn\OneDrive\바탕 화면\작업\포폴\Project\Graphics\skydomeshaderclass.cpp(245,42): warning C4244: '=': 'SIZE_T'에서 'unsigned long'(으)로 변환하면서 데이터가 손실될 수 있습니다.
  soundclass.cpp
C:\Users\tjddn\OneDrive\바탕 화면\작업\포폴\Project\Graphics\soundclass.cpp(171,68): warning C4267: '=': 'size_t'에서 'unsigned int'(으)로 변환하면서 데이터가 손실될 수 있습니다.
C:\Users\tjddn\OneDrive\바탕 화면\작업\포폴\Project\Graphics\soundclass.cpp(275,62): warning C4267: '=': 'size_t'에서 'unsigned int'(으)로 변환하면서 데이터가 손실될 수 있습니다.
  systemclass.cpp
  textclass.cpp
  textureclass.cpp
  코드를 생성하고 있습니다...
C:\Users\tjddn\OneDrive\바탕 화면\작업\포폴\Project\Graphics\Inputclass.cpp(287): warning C4715: 'InputClass::User_input': 모든 제어 경로에서 값을 반환하지는 않습니다.
C:\Users\tjddn\OneDrive\바탕 화면\작업\포폴\Project\Graphics\Graphicsclass.cpp(469): warning C4715: 'GraphicsClass::Frame': 모든 제어 경로에서 값을 반환하지는 않습니다.
  컴파일하고 있습니다...
  textureshaderclass.cpp
C:\Users\tjddn\OneDrive\바탕 화면\작업\포폴\Project\Graphics\textureshaderclass.cpp(268,42): warning C4244: '=': 'SIZE_T'에서 'unsigned long'(으)로 변환하면서 데이터가 손실될 수 있습니다.
  timerclass.cpp
  코드를 생성하고 있습니다...
  Graphics.vcxproj -> C:\Users\tjddn\OneDrive\바탕 화면\작업\포폴\Project\x64\Debug\Graphics.exe
